mode: set
github.com/lep13/messaging-notification-service/auth/cognito.go:16.182,20.19 3 1
github.com/lep13/messaging-notification-service/auth/cognito.go:20.19,23.6 2 1
github.com/lep13/messaging-notification-service/auth/cognito.go:25.5,29.19 4 1
github.com/lep13/messaging-notification-service/auth/cognito.go:29.19,32.6 2 1
github.com/lep13/messaging-notification-service/auth/cognito.go:33.5,35.23 3 1
github.com/lep13/messaging-notification-service/auth/mocks.go:14.90,20.2 1 1
github.com/lep13/messaging-notification-service/auth/profile.go:16.63,18.16 2 1
github.com/lep13/messaging-notification-service/auth/profile.go:18.16,21.3 2 1
github.com/lep13/messaging-notification-service/auth/profile.go:22.2,24.38 2 1
github.com/lep13/messaging-notification-service/auth/profile.go:24.38,27.3 2 1
github.com/lep13/messaging-notification-service/auth/profile.go:29.2,31.16 3 1
github.com/lep13/messaging-notification-service/auth/profile.go:31.16,34.3 2 1
github.com/lep13/messaging-notification-service/auth/profile.go:36.2,36.36 1 1
github.com/lep13/messaging-notification-service/auth/profile.go:40.105,44.16 3 1
github.com/lep13/messaging-notification-service/auth/profile.go:44.16,47.3 2 1
github.com/lep13/messaging-notification-service/auth/profile.go:49.2,53.16 3 1
github.com/lep13/messaging-notification-service/auth/profile.go:53.16,56.3 2 1
github.com/lep13/messaging-notification-service/auth/profile.go:59.2,60.16 2 1
github.com/lep13/messaging-notification-service/auth/profile.go:60.16,63.3 2 0
github.com/lep13/messaging-notification-service/auth/profile.go:66.2,71.16 4 1
github.com/lep13/messaging-notification-service/auth/profile.go:71.16,74.3 2 0
github.com/lep13/messaging-notification-service/auth/profile.go:75.2,79.16 3 1
github.com/lep13/messaging-notification-service/auth/profile.go:79.16,82.3 2 1
github.com/lep13/messaging-notification-service/auth/profile.go:84.2,84.38 1 1
github.com/lep13/messaging-notification-service/auth/profile.go:84.38,87.3 2 1
github.com/lep13/messaging-notification-service/auth/profile.go:89.2,90.55 2 1
github.com/lep13/messaging-notification-service/auth/profile.go:90.55,93.3 2 1
github.com/lep13/messaging-notification-service/auth/profile.go:96.2,97.22 2 1
