mode: set
github.com/lep13/messaging-notification-service/kafka/consumer.go:27.49,32.26 3 1
github.com/lep13/messaging-notification-service/kafka/consumer.go:32.26,35.3 2 0
github.com/lep13/messaging-notification-service/kafka/consumer.go:36.2,41.16 4 1
github.com/lep13/messaging-notification-service/kafka/consumer.go:41.16,44.3 2 1
github.com/lep13/messaging-notification-service/kafka/consumer.go:46.2,59.16 9 1
github.com/lep13/messaging-notification-service/kafka/consumer.go:59.16,62.3 2 0
github.com/lep13/messaging-notification-service/kafka/consumer.go:63.2,63.15 1 1
github.com/lep13/messaging-notification-service/kafka/consumer.go:63.15,64.42 1 1
github.com/lep13/messaging-notification-service/kafka/consumer.go:64.42,66.4 1 0
github.com/lep13/messaging-notification-service/kafka/consumer.go:68.2,72.16 3 1
github.com/lep13/messaging-notification-service/kafka/consumer.go:72.16,75.3 2 1
github.com/lep13/messaging-notification-service/kafka/consumer.go:76.2,76.15 1 0
github.com/lep13/messaging-notification-service/kafka/consumer.go:76.15,77.51 1 0
github.com/lep13/messaging-notification-service/kafka/consumer.go:77.51,79.4 1 0
github.com/lep13/messaging-notification-service/kafka/consumer.go:81.2,84.49 2 0
github.com/lep13/messaging-notification-service/kafka/consumer.go:84.49,87.3 2 0
github.com/lep13/messaging-notification-service/kafka/consumer.go:88.2,91.83 2 0
github.com/lep13/messaging-notification-service/kafka/consumer.go:91.83,93.3 1 0
github.com/lep13/messaging-notification-service/kafka/consumer.go:96.2,96.124 1 0
github.com/lep13/messaging-notification-service/kafka/consumer.go:96.124,98.3 1 0
github.com/lep13/messaging-notification-service/kafka/consumer.go:101.2,101.6 1 0
github.com/lep13/messaging-notification-service/kafka/consumer.go:101.6,102.10 1 0
github.com/lep13/messaging-notification-service/kafka/consumer.go:103.46,105.83 2 0
github.com/lep13/messaging-notification-service/kafka/consumer.go:107.44,108.50 1 0
github.com/lep13/messaging-notification-service/kafka/consumer.go:114.216,118.26 3 1
github.com/lep13/messaging-notification-service/kafka/consumer.go:118.26,121.3 2 0
github.com/lep13/messaging-notification-service/kafka/consumer.go:123.2,125.16 3 1
github.com/lep13/messaging-notification-service/kafka/consumer.go:125.16,128.3 2 1
github.com/lep13/messaging-notification-service/kafka/consumer.go:130.2,140.16 5 1
github.com/lep13/messaging-notification-service/kafka/consumer.go:140.16,150.23 4 1
github.com/lep13/messaging-notification-service/kafka/consumer.go:150.23,152.4 1 0
github.com/lep13/messaging-notification-service/kafka/consumer.go:153.3,153.9 1 1
github.com/lep13/messaging-notification-service/kafka/consumer.go:156.2,163.16 3 1
github.com/lep13/messaging-notification-service/kafka/consumer.go:163.16,165.3 1 0
github.com/lep13/messaging-notification-service/kafka/consumer.go:169.42,173.23 3 1
github.com/lep13/messaging-notification-service/kafka/consumer.go:173.23,175.3 1 1
github.com/lep13/messaging-notification-service/kafka/consumer.go:177.2,181.3 1 1
